<?xml version="1.0" encoding="UTF-8"?>
<!-- Generated by org.testng.reporters.JUnitReportReporter -->
<testsuite skipped="0" hostname="Skillray" name="scripts.Selectingproduct" tests="1" failures="0" timestamp="2020-06-04T21:52:24 IST" time="35.444" errors="0">
  <testcase name="dress" time="35.444" classname="scripts.Selectingproduct"/>
</testsuite> <!-- scripts.Selectingproduct -->
