<?xml version="1.0" encoding="UTF-8"?>
<!-- Generated by org.testng.reporters.JUnitReportReporter -->
<testsuite skipped="0" hostname="Skillray" name="scripts.Addingproducttocart" tests="1" failures="0" timestamp="2020-06-04T21:52:24 IST" time="39.700" errors="0">
  <testcase name="addingproduct" time="39.700" classname="scripts.Addingproducttocart"/>
</testsuite> <!-- scripts.Addingproducttocart -->
